This is pdfTeX, Version 3.1415926-1.40.10 (MiKTeX 2.8) (preloaded format=pdftex 2010.5.7)  2 DEC 2010 10:57
entering extended mode
**C:/Users/freesb/Documents/NetBeansProjects/odt2braille/Odt2BrailleAddOn/doc/o
dt2braille-user-doc.texi

(C:/Users/freesb/Documents/NetBeansProjects/odt2braille/Odt2BrailleAddOn/doc/od
t2braille-user-doc.texi
Missing character: There is no ï in font cmr10!
Missing character: There is no » in font cmr10!
Missing character: There is no ¿ in font cmr10!

("C:\Program Files (x86)\MiKTeX 2.8\tex\texinfo\base\texinfo.tex"
Loading texinfo [version 2007-06-20.13]:
\bindingoffset=\dimen16
\normaloffset=\dimen17
\pagewidth=\dimen18
\pageheight=\dimen19
\outerhsize=\dimen20
\outervsize=\dimen21
\cornerlong=\dimen22
\cornerthick=\dimen23
\topandbottommargin=\dimen24
\headlinebox=\box16
\footlinebox=\box17
\margin=\insert252
\EMsimple=\toks12
\groupbox=\box18
\groupinvalidhelp=\toks13
\mil=\dimen25
\exdentamount=\skip18
\inmarginspacing=\skip19
 pdf,
\tempnum=\count26
\lnkcount=\count27
\filename=\toks14
\filenamelength=\count28
\pgn=\count29
\toksA=\toks15
\toksB=\toks16
\toksC=\toks17
\toksD=\toks18
\boxA=\box19
\countA=\count30
\nopdfimagehelp=\toks19

("C:\Program Files (x86)\MiKTeX 2.8\tex\plain\misc\pdfcolor.tex") fonts,
\sffam=\fam8
\textleading=\dimen26
\fontdepth=\count31

page headings,
\titlepagetopglue=\skip20
\titlepagebottomglue=\skip21
\evenheadline=\toks20
\oddheadline=\toks21
\evenfootline=\toks22
\oddfootline=\toks23
 tables,
\tableindent=\dimen27
\itemindent=\dimen28
\itemmargin=\dimen29
\itemmax=\dimen30
\itemno=\count32
\multitableparskip=\skip22
\multitableparindent=\skip23
\multitablecolspace=\dimen31
\multitablelinespace=\skip24
\colcount=\count33
\everytab=\toks24
 conditionals,
\doignorecount=\count34
 indexing,
\whatsitskip=\skip25
\whatsitpenalty=\count35
\secondaryindent=\skip26
\partialpage=\box20
\doublecolumnhsize=\dimen32
 sectioning,
\unnumberedno=\count36
\chapno=\count37
\secno=\count38
\subsecno=\count39
\subsubsecno=\count40
\appendixno=\count41
\absseclevel=\count42
\secbase=\count43
\chapheadingskip=\skip27
\secheadingskip=\skip28
\subsecheadingskip=\skip29
 toc,
\tocfile=\write0
\contentsrightmargin=\skip30
\savepageno=\count44
\lastnegativepageno=\count45
\tocindent=\dimen33
 environments,
\errorbox=\box21
\lispnarrowing=\skip31
\envskipamount=\skip32
\circthick=\dimen34
\cartouter=\dimen35
\cartinner=\dimen36
\normbskip=\skip33
\normpskip=\skip34
\normlskip=\skip35
\lskip=\skip36
\rskip=\skip37
\tabw=\dimen37

defuns,
\defbodyindent=\skip38
\defargsindent=\skip39
\deflastargmargin=\skip40
\defunpenalty=\count46
\parencount=\count47
\brackcount=\count48
 macros,
\paramno=\count49
\macname=\toks25
 cross references,
\auxfile=\write1
\savesfregister=\count50
 insertions,
\footnoteno=\count51
\SAVEfootins=\box22
\SAVEmargin=\box23

("C:\Program Files (x86)\MiKTeX 2.8\tex\generic\epsf\epsf.tex"
This is `epsf.tex' v2.7.3 <23 July 2005>
\epsffilein=\read0
\epsfframemargin=\dimen38
\epsfframethickness=\dimen39
\epsfrsize=\dimen40
\epsftmp=\dimen41
\epsftsize=\dimen42
\epsfxsize=\dimen43
\epsfysize=\dimen44
\pspoints=\dimen45
)
\noepsfhelp=\toks26
 localization,
\nolanghelp=\toks27
\countUTFx=\count52
\countUTFy=\count53
\countUTFz=\count54
 formatting,
\defaultparindent=\dimen46
 and turning on texinfo input format.)
(C:\Users\freesb\Documents\NetBeansProjects\odt2braille\Odt2BrailleAddOn\doc\od
t2braille-user-doc.aux)
@cpindfile=@write2
@fnindfile=@write3
@vrindfile=@write4
@tpindfile=@write5
@kyindfile=@write6
@pgindfile=@write7
  defining Unicode char U+00A0 (decimal 160)
  defining Unicode char U+00A1 (decimal 161)
  defining Unicode char U+00A3 (decimal 163)
  defining Unicode char U+00A8 (decimal 168)
  defining Unicode char U+00A9 (decimal 169)
  defining Unicode char U+00AA (decimal 170)
  defining Unicode char U+00AD (decimal 173)
  defining Unicode char U+00AE (decimal 174)
  defining Unicode char U+00AF (decimal 175)
  defining Unicode char U+00B0 (decimal 176)
  defining Unicode char U+00B4 (decimal 180)
  defining Unicode char U+00B8 (decimal 184)
  defining Unicode char U+00BA (decimal 186)
  defining Unicode char U+00BF (decimal 191)
  defining Unicode char U+00C0 (decimal 192)
  defining Unicode char U+00C1 (decimal 193)
  defining Unicode char U+00C2 (decimal 194)
  defining Unicode char U+00C3 (decimal 195)
  defining Unicode char U+00C4 (decimal 196)
  defining Unicode char U+00C5 (decimal 197)
  defining Unicode char U+00C6 (decimal 198)
  defining Unicode char U+00C7 (decimal 199)
  defining Unicode char U+00C8 (decimal 200)
  defining Unicode char U+00C9 (decimal 201)
  defining Unicode char U+00CA (decimal 202)
  defining Unicode char U+00CB (decimal 203)
  defining Unicode char U+00CC (decimal 204)
  defining Unicode char U+00CD (decimal 205)
  defining Unicode char U+00CE (decimal 206)
  defining Unicode char U+00CF (decimal 207)
  defining Unicode char U+00D1 (decimal 209)
  defining Unicode char U+00D2 (decimal 210)
  defining Unicode char U+00D3 (decimal 211)
  defining Unicode char U+00D4 (decimal 212)
  defining Unicode char U+00D5 (decimal 213)
  defining Unicode char U+00D6 (decimal 214)
  defining Unicode char U+00D8 (decimal 216)
  defining Unicode char U+00D9 (decimal 217)
  defining Unicode char U+00DA (decimal 218)
  defining Unicode char U+00DB (decimal 219)
  defining Unicode char U+00DC (decimal 220)
  defining Unicode char U+00DD (decimal 221)
  defining Unicode char U+00DF (decimal 223)
  defining Unicode char U+00E0 (decimal 224)
  defining Unicode char U+00E1 (decimal 225)
  defining Unicode char U+00E2 (decimal 226)
  defining Unicode char U+00E3 (decimal 227)
  defining Unicode char U+00E4 (decimal 228)
  defining Unicode char U+00E5 (decimal 229)
  defining Unicode char U+00E6 (decimal 230)
  defining Unicode char U+00E7 (decimal 231)
  defining Unicode char U+00E8 (decimal 232)
  defining Unicode char U+00E9 (decimal 233)
  defining Unicode char U+00EA (decimal 234)
  defining Unicode char U+00EB (decimal 235)
  defining Unicode char U+00EC (decimal 236)
  defining Unicode char U+00ED (decimal 237)
  defining Unicode char U+00EE (decimal 238)
  defining Unicode char U+00EF (decimal 239)
  defining Unicode char U+00F1 (decimal 241)
  defining Unicode char U+00F2 (decimal 242)
  defining Unicode char U+00F3 (decimal 243)
  defining Unicode char U+00F4 (decimal 244)
  defining Unicode char U+00F5 (decimal 245)
  defining Unicode char U+00F6 (decimal 246)
  defining Unicode char U+00F8 (decimal 248)
  defining Unicode char U+00F9 (decimal 249)
  defining Unicode char U+00FA (decimal 250)
  defining Unicode char U+00FB (decimal 251)
  defining Unicode char U+00FC (decimal 252)
  defining Unicode char U+00FD (decimal 253)
  defining Unicode char U+00FF (decimal 255)
  defining Unicode char U+0100 (decimal 256)
  defining Unicode char U+0101 (decimal 257)
  defining Unicode char U+0102 (decimal 258)
  defining Unicode char U+0103 (decimal 259)
  defining Unicode char U+0106 (decimal 262)
  defining Unicode char U+0107 (decimal 263)
  defining Unicode char U+0108 (decimal 264)
  defining Unicode char U+0109 (decimal 265)
  defining Unicode char U+010A (decimal 266)
  defining Unicode char U+010B (decimal 267)
  defining Unicode char U+010C (decimal 268)
  defining Unicode char U+010D (decimal 269)
  defining Unicode char U+010E (decimal 270)
  defining Unicode char U+0112 (decimal 274)
  defining Unicode char U+0113 (decimal 275)
  defining Unicode char U+0114 (decimal 276)
  defining Unicode char U+0115 (decimal 277)
  defining Unicode char U+0116 (decimal 278)
  defining Unicode char U+0117 (decimal 279)
  defining Unicode char U+011A (decimal 282)
  defining Unicode char U+011B (decimal 283)
  defining Unicode char U+011C (decimal 284)
  defining Unicode char U+011D (decimal 285)
  defining Unicode char U+011E (decimal 286)
  defining Unicode char U+011F (decimal 287)
  defining Unicode char U+0120 (decimal 288)
  defining Unicode char U+0121 (decimal 289)
  defining Unicode char U+0124 (decimal 292)
  defining Unicode char U+0125 (decimal 293)
  defining Unicode char U+0128 (decimal 296)
  defining Unicode char U+0129 (decimal 297)
  defining Unicode char U+012A (decimal 298)
  defining Unicode char U+012B (decimal 299)
  defining Unicode char U+012C (decimal 300)
  defining Unicode char U+012D (decimal 301)
  defining Unicode char U+0130 (decimal 304)
  defining Unicode char U+0131 (decimal 305)
  defining Unicode char U+0132 (decimal 306)
  defining Unicode char U+0133 (decimal 307)
  defining Unicode char U+0134 (decimal 308)
  defining Unicode char U+0135 (decimal 309)
  defining Unicode char U+0139 (decimal 313)
  defining Unicode char U+013A (decimal 314)
  defining Unicode char U+0141 (decimal 321)
  defining Unicode char U+0142 (decimal 322)
  defining Unicode char U+0143 (decimal 323)
  defining Unicode char U+0144 (decimal 324)
  defining Unicode char U+0147 (decimal 327)
  defining Unicode char U+0148 (decimal 328)
  defining Unicode char U+014C (decimal 332)
  defining Unicode char U+014D (decimal 333)
  defining Unicode char U+014E (decimal 334)
  defining Unicode char U+014F (decimal 335)
  defining Unicode char U+0150 (decimal 336)
  defining Unicode char U+0151 (decimal 337)
  defining Unicode char U+0152 (decimal 338)
  defining Unicode char U+0153 (decimal 339)
  defining Unicode char U+0154 (decimal 340)
  defining Unicode char U+0155 (decimal 341)
  defining Unicode char U+0158 (decimal 344)
  defining Unicode char U+0159 (decimal 345)
  defining Unicode char U+015A (decimal 346)
  defining Unicode char U+015B (decimal 347)
  defining Unicode char U+015C (decimal 348)
  defining Unicode char U+015D (decimal 349)
  defining Unicode char U+015E (decimal 350)
  defining Unicode char U+015F (decimal 351)
  defining Unicode char U+0160 (decimal 352)
  defining Unicode char U+0161 (decimal 353)
  defining Unicode char U+0162 (decimal 354)
  defining Unicode char U+0163 (decimal 355)
  defining Unicode char U+0164 (decimal 356)
  defining Unicode char U+0168 (decimal 360)
  defining Unicode char U+0169 (decimal 361)
  defining Unicode char U+016A (decimal 362)
  defining Unicode char U+016B (decimal 363)
  defining Unicode char U+016C (decimal 364)
  defining Unicode char U+016D (decimal 365)
  defining Unicode char U+016E (decimal 366)
  defining Unicode char U+016F (decimal 367)
  defining Unicode char U+0170 (decimal 368)
  defining Unicode char U+0171 (decimal 369)
  defining Unicode char U+0174 (decimal 372)
  defining Unicode char U+0175 (decimal 373)
  defining Unicode char U+0176 (decimal 374)
  defining Unicode char U+0177 (decimal 375)
  defining Unicode char U+0178 (decimal 376)
  defining Unicode char U+0179 (decimal 377)
  defining Unicode char U+017A (decimal 378)
  defining Unicode char U+017B (decimal 379)
  defining Unicode char U+017C (decimal 380)
  defining Unicode char U+017D (decimal 381)
  defining Unicode char U+017E (decimal 382)
  defining Unicode char U+01C4 (decimal 452)
  defining Unicode char U+01C5 (decimal 453)
  defining Unicode char U+01C6 (decimal 454)
  defining Unicode char U+01C7 (decimal 455)
  defining Unicode char U+01C8 (decimal 456)
  defining Unicode char U+01C9 (decimal 457)
  defining Unicode char U+01CA (decimal 458)
  defining Unicode char U+01CB (decimal 459)
  defining Unicode char U+01CC (decimal 460)
  defining Unicode char U+01CD (decimal 461)
  defining Unicode char U+01CE (decimal 462)
  defining Unicode char U+01CF (decimal 463)
  defining Unicode char U+01D0 (decimal 464)
  defining Unicode char U+01D1 (decimal 465)
  defining Unicode char U+01D2 (decimal 466)
  defining Unicode char U+01D3 (decimal 467)
  defining Unicode char U+01D4 (decimal 468)
  defining Unicode char U+01E2 (decimal 482)
  defining Unicode char U+01E3 (decimal 483)
  defining Unicode char U+01E6 (decimal 486)
  defining Unicode char U+01E7 (decimal 487)
  defining Unicode char U+01E8 (decimal 488)
  defining Unicode char U+01E9 (decimal 489)
  defining Unicode char U+01F0 (decimal 496)
  defining Unicode char U+01F1 (decimal 497)
  defining Unicode char U+01F2 (decimal 498)
  defining Unicode char U+01F3 (decimal 499)
  defining Unicode char U+01F4 (decimal 500)
  defining Unicode char U+01F5 (decimal 501)
  defining Unicode char U+01F8 (decimal 504)
  defining Unicode char U+01F9 (decimal 505)
  defining Unicode char U+01FC (decimal 508)
  defining Unicode char U+01FD (decimal 509)
  defining Unicode char U+01FE (decimal 510)
  defining Unicode char U+01FF (decimal 511)
  defining Unicode char U+021E (decimal 542)
  defining Unicode char U+021F (decimal 543)
  defining Unicode char U+0226 (decimal 550)
  defining Unicode char U+0227 (decimal 551)
  defining Unicode char U+0228 (decimal 552)
  defining Unicode char U+0229 (decimal 553)
  defining Unicode char U+022E (decimal 558)
  defining Unicode char U+022F (decimal 559)
  defining Unicode char U+0232 (decimal 562)
  defining Unicode char U+0233 (decimal 563)
  defining Unicode char U+0237 (decimal 567)
  defining Unicode char U+1E02 (decimal 7682)
  defining Unicode char U+1E03 (decimal 7683)
  defining Unicode char U+1E04 (decimal 7684)
  defining Unicode char U+1E05 (decimal 7685)
  defining Unicode char U+1E06 (decimal 7686)
  defining Unicode char U+1E07 (decimal 7687)
  defining Unicode char U+1E0A (decimal 7690)
  defining Unicode char U+1E0B (decimal 7691)
  defining Unicode char U+1E0C (decimal 7692)
  defining Unicode char U+1E0D (decimal 7693)
  defining Unicode char U+1E0E (decimal 7694)
  defining Unicode char U+1E0F (decimal 7695)
  defining Unicode char U+1E1E (decimal 7710)
  defining Unicode char U+1E1F (decimal 7711)
  defining Unicode char U+1E20 (decimal 7712)
  defining Unicode char U+1E21 (decimal 7713)
  defining Unicode char U+1E22 (decimal 7714)
  defining Unicode char U+1E23 (decimal 7715)
  defining Unicode char U+1E24 (decimal 7716)
  defining Unicode char U+1E25 (decimal 7717)
  defining Unicode char U+1E26 (decimal 7718)
  defining Unicode char U+1E27 (decimal 7719)
  defining Unicode char U+1E30 (decimal 7728)
  defining Unicode char U+1E31 (decimal 7729)
  defining Unicode char U+1E32 (decimal 7730)
  defining Unicode char U+1E33 (decimal 7731)
  defining Unicode char U+1E34 (decimal 7732)
  defining Unicode char U+1E35 (decimal 7733)
  defining Unicode char U+1E36 (decimal 7734)
  defining Unicode char U+1E37 (decimal 7735)
  defining Unicode char U+1E3A (decimal 7738)
  defining Unicode char U+1E3B (decimal 7739)
  defining Unicode char U+1E3E (decimal 7742)
  defining Unicode char U+1E3F (decimal 7743)
  defining Unicode char U+1E40 (decimal 7744)
  defining Unicode char U+1E41 (decimal 7745)
  defining Unicode char U+1E42 (decimal 7746)
  defining Unicode char U+1E43 (decimal 7747)
  defining Unicode char U+1E44 (decimal 7748)
  defining Unicode char U+1E45 (decimal 7749)
  defining Unicode char U+1E46 (decimal 7750)
  defining Unicode char U+1E47 (decimal 7751)
  defining Unicode char U+1E48 (decimal 7752)
  defining Unicode char U+1E49 (decimal 7753)
  defining Unicode char U+1E54 (decimal 7764)
  defining Unicode char U+1E55 (decimal 7765)
  defining Unicode char U+1E56 (decimal 7766)
  defining Unicode char U+1E57 (decimal 7767)
  defining Unicode char U+1E58 (decimal 7768)
  defining Unicode char U+1E59 (decimal 7769)
  defining Unicode char U+1E5A (decimal 7770)
  defining Unicode char U+1E5B (decimal 7771)
  defining Unicode char U+1E5E (decimal 7774)
  defining Unicode char U+1E5F (decimal 7775)
  defining Unicode char U+1E60 (decimal 7776)
  defining Unicode char U+1E61 (decimal 7777)
  defining Unicode char U+1E62 (decimal 7778)
  defining Unicode char U+1E63 (decimal 7779)
  defining Unicode char U+1E6A (decimal 7786)
  defining Unicode char U+1E6B (decimal 7787)
  defining Unicode char U+1E6C (decimal 7788)
  defining Unicode char U+1E6D (decimal 7789)
  defining Unicode char U+1E6E (decimal 7790)
  defining Unicode char U+1E6F (decimal 7791)
  defining Unicode char U+1E7C (decimal 7804)
  defining Unicode char U+1E7D (decimal 7805)
  defining Unicode char U+1E7E (decimal 7806)
  defining Unicode char U+1E7F (decimal 7807)
  defining Unicode char U+1E80 (decimal 7808)
  defining Unicode char U+1E81 (decimal 7809)
  defining Unicode char U+1E82 (decimal 7810)
  defining Unicode char U+1E83 (decimal 7811)
  defining Unicode char U+1E84 (decimal 7812)
  defining Unicode char U+1E85 (decimal 7813)
  defining Unicode char U+1E86 (decimal 7814)
  defining Unicode char U+1E87 (decimal 7815)
  defining Unicode char U+1E88 (decimal 7816)
  defining Unicode char U+1E89 (decimal 7817)
  defining Unicode char U+1E8A (decimal 7818)
  defining Unicode char U+1E8B (decimal 7819)
  defining Unicode char U+1E8C (decimal 7820)
  defining Unicode char U+1E8D (decimal 7821)
  defining Unicode char U+1E8E (decimal 7822)
  defining Unicode char U+1E8F (decimal 7823)
  defining Unicode char U+1E90 (decimal 7824)
  defining Unicode char U+1E91 (decimal 7825)
  defining Unicode char U+1E92 (decimal 7826)
  defining Unicode char U+1E93 (decimal 7827)
  defining Unicode char U+1E94 (decimal 7828)
  defining Unicode char U+1E95 (decimal 7829)
  defining Unicode char U+1E96 (decimal 7830)
  defining Unicode char U+1E97 (decimal 7831)
  defining Unicode char U+1E98 (decimal 7832)
  defining Unicode char U+1E99 (decimal 7833)
  defining Unicode char U+1EA0 (decimal 7840)
  defining Unicode char U+1EA1 (decimal 7841)
  defining Unicode char U+1EB8 (decimal 7864)
  defining Unicode char U+1EB9 (decimal 7865)
  defining Unicode char U+1EBC (decimal 7868)
  defining Unicode char U+1EBD (decimal 7869)
  defining Unicode char U+1ECA (decimal 7882)
  defining Unicode char U+1ECB (decimal 7883)
  defining Unicode char U+1ECC (decimal 7884)
  defining Unicode char U+1ECD (decimal 7885)
  defining Unicode char U+1EE4 (decimal 7908)
  defining Unicode char U+1EE5 (decimal 7909)
  defining Unicode char U+1EF2 (decimal 7922)
  defining Unicode char U+1EF3 (decimal 7923)
  defining Unicode char U+1EF4 (decimal 7924)
  defining Unicode char U+1EF8 (decimal 7928)
  defining Unicode char U+1EF9 (decimal 7929)
  defining Unicode char U+2013 (decimal 8211)
  defining Unicode char U+2014 (decimal 8212)
  defining Unicode char U+2022 (decimal 8226)
  defining Unicode char U+2026 (decimal 8230)
  defining Unicode char U+20AC (decimal 8364)
  defining Unicode char U+2192 (decimal 8594)
  defining Unicode char U+21D2 (decimal 8658)
  defining Unicode char U+2212 (decimal 8722)
  defining Unicode char U+2217 (decimal 8727)
  defining Unicode char U+2261 (decimal 8801)

(C:\Users\freesb\Documents\NetBeansProjects\odt2braille\Odt2BrailleAddOn\doc\ve
rsion.texi)
(C:\Users\freesb\Documents\NetBeansProjects\odt2braille\Odt2BrailleAddOn\doc\co
pying.texi) [1{C:/ProgramData/MiKTeX/2.8/pdftex/config/pdftex.map}] [2]
(C:\Users\freesb\Documents\NetBeansProjects\odt2braille\Odt2BrailleAddOn\doc\od
t2braille-user-doc.toc) [-1]
(C:\Users\freesb\Documents\NetBeansProjects\odt2braille\Odt2BrailleAddOn\doc\od
t2braille-user-doc.toc)
(C:\Users\freesb\Documents\NetBeansProjects\odt2braille\Odt2BrailleAddOn\doc\od
t2braille-user-doc.toc) (Getting Started)
Underfull \hbox (badness 4940) in paragraph at lines 80--86
[]@textrm It is strongly rec-om-mended that you also down-load and in-stall the
 Sim-

@hbox(7.60416+2.12917)x433.62, glue set 3.67097
.@hbox(0.0+0.0)x15.0
.@textrm I
.@textrm t
.@glue 3.65 plus 1.825 minus 1.21666
.@textrm i
.etc.


Underfull \hbox (badness 10000) in paragraph at lines 80--86
@textrm Braille font from Duxbury Sys-tems at [][]@texttt http://www.duxburysys
tems.com/

@hbox(7.60416+2.43333)x433.62, glue set 6.91405
.@textrm B
.@textrm r
.@textrm a
.@textrm i
.@textrm l
.etc.


Overfull \hbox (6.32195pt too wide) in paragraph at lines 80--86
@texttt product2.asp?product=The%20Braille%20TrueType%20Fonts&level=free&action
=pur"[][][]@textrm .

@hbox(7.60416+2.43333)x433.62
.@texttt p
.@texttt r
.@texttt o
.@texttt d
.@texttt u
.etc.


Overfull \hbox (87.37672pt too wide) in paragraph at lines 80--86
@textrm As of ver-sion 0.0.3, odt-braille will use his own @textit odt2braille 
fonts@textrm : [][]@texttt http://odt2braille.svn.sourceforge.net/

@hbox(7.60416+2.43333)x433.62, glue set - 1.0
.@textrm A
.@textrm s
.@glue 3.65 plus 1.825 minus 1.21666
.@textrm o
.@textrm f
.etc.


Underfull \hbox (badness 10000) in paragraph at lines 80--86
[][]@texttt http://odt2braille.svn.sourceforge.net/viewvc/odt2braille/Odt2Brail
leAddOn/

@hbox(7.60416+2.43333)x433.62
.@pdfliteral{0 0.89 0.94 0.28 k}
.@pdfstartlink(*+*)x* attr{/Border [0 0 0]} action user{/Subtype /Link /A << /S
 /URI /URI (http://odt2braille.svn.sourceforge@ETC.}

[1] Chapter 1 [2] Chapter 2 [3] [4] [5] [6] [7] [8] [9] [10] [11] [12] [13]
[14] [15] l.947: Unicode char @u8:â ° not defined for Texinfo
l.949: Unicode char @u8:â ¼ not defined for Texinfo
l.951: Unicode char @u8:â ” not defined for Texinfo
l.951: Unicode char @u8:â ” not defined for Texinfo
l.953: Unicode char @u8:â   not defined for Texinfo
l.953: Unicode char @u8:â „ not defined for Texinfo
l.955: Unicode char @u8:â ¨ not defined for Texinfo
l.957: Unicode char @u8:â ¸ not defined for Texinfo
l.959: Unicode char @u8:â ¤ not defined for Texinfo
l.959: Unicode char @u8:â ¤ not defined for Texinfo
l.959: Unicode char @u8:â ¤ not defined for Texinfo
l.959: Unicode char @u8:â ¤ not defined for Texinfo
l.961: Unicode char @u8:â  not defined for Texinfo
l.961: Unicode char @u8:â  not defined for Texinfo
l.961: Unicode char @u8:â  not defined for Texinfo [16] [17]
Underfull \hbox (badness 10000) in paragraph at lines 1098--1104
 @textrm math guide at [][]@texttt http://wiki.services.openoffice.org/wiki/Doc
umentation/

@hbox(7.60416+2.43333)x433.62, glue set 4.49059
.@glue(@leftskip) 21.68121
.@textrm m
.@textrm a
.@textrm t
.@textrm h
.etc.

[18] [19] ) 
Here is how much of TeX's memory you used:
 2267 strings out of 497541
 26137 string characters out of 3209714
 59044 words of memory out of 3000000
 3189 multiletter control sequences out of 15000+200000
 32127 words of font info for 112 fonts, out of 3000000 for 9000
 51 hyphenation exceptions out of 8191
 13i,6n,17p,528b,361s stack positions out of 5000i,500n,10000p,200000b,50000s
<C:/Program Files (x86)/MiKTeX 2.8/fonts/type1/public/amsfonts/cm/cm
b10.pfb><C:/Program Files (x86)/MiKTeX 2.8/fonts/type1/public/amsfonts/cm/cmbx1
2.pfb><C:/Program Files (x86)/MiKTeX 2.8/fonts/type1/public/amsfonts/cm/cmcsc10
.pfb><C:/Program Files (x86)/MiKTeX 2.8/fonts/type1/public/amsfonts/cm/cmmi10.p
fb><C:/Program Files (x86)/MiKTeX 2.8/fonts/type1/public/amsfonts/cm/cmmi12.pfb
><C:/Program Files (x86)/MiKTeX 2.8/fonts/type1/public/amsfonts/cm/cmr10.pfb><C
:/Program Files (x86)/MiKTeX 2.8/fonts/type1/public/amsfonts/cm/cmsltt10.pfb><C
:/Program Files (x86)/MiKTeX 2.8/fonts/type1/public/amsfonts/cm/cmsy10.pfb><C:/
Program Files (x86)/MiKTeX 2.8/fonts/type1/public/amsfonts/cm/cmti10.pfb><C:/Pr
ogram Files (x86)/MiKTeX 2.8/fonts/type1/public/amsfonts/cm/cmtt10.pfb>
Output written on odt2braille-user-doc.pdf (22 pages, 247665 bytes).
PDF statistics:
 412 PDF objects out of 1000 (max. 8388607)
 46 named destinations out of 1000 (max. 500000)
 221 words of extra memory for PDF output out of 10000 (max. 10000000)

